<?xml version="1.0" encoding="UTF-8"?>
<!-- Generated by org.testng.reporters.JUnitXMLReporter -->
<testsuite ignored="0" hostname="DESKTOP-7S7LCUO" failures="0" tests="3" name="Default test" time="47.467" errors="0" timestamp="2024-10-04T19:02:05 IST">
  <testcase classname="testNG.DataProvider1" name="loginWithInvlidCred" time="10.751"/>
  <testcase classname="testNG.DataProvider1" name="loginWithInvlidCred" time="8.804"/>
  <testcase classname="testNG.DataProvider1" name="loginWithInvlidCred" time="27.554"/>
</testsuite> <!-- Default test -->
