<?xml version="1.0" encoding="UTF-8"?>
<!-- Generated by org.testng.reporters.JUnitXMLReporter -->
<testsuite ignored="3" hostname="DESKTOP-7S7LCUO" failures="0" tests="1" name="Test" time="0.42" errors="0" timestamp="2024-10-04T18:43:24 IST">
  <testcase classname="testNG.TestNg4" name="loginTest3" time="0.155"/>
  <testcase classname="testNG.TestNg4" name="loginTest" time="0.0">
    <ignored/>
  </testcase> <!-- loginTest -->
  <testcase classname="testNG.TestNg4" name="loginTest2" time="0.0">
    <ignored/>
  </testcase> <!-- loginTest2 -->
  <testcase classname="testNG.TestNg4" name="loginTest4" time="0.0">
    <ignored/>
  </testcase> <!-- loginTest4 -->
</testsuite> <!-- Test -->
