<?xml version="1.0" encoding="UTF-8"?>
<testng-results ignored="0" total="3" passed="3" failed="0" skipped="0">
  <reporter-output>
  </reporter-output>
  <suite started-at="2024-10-04T19:01:17 IST" name="Default suite" finished-at="2024-10-04T19:02:05 IST" duration-ms="47467">
    <groups>
    </groups>
    <test started-at="2024-10-04T19:01:17 IST" name="Default test" finished-at="2024-10-04T19:02:05 IST" duration-ms="47467">
      <class name="testNG.DataProvider1">
        <test-method signature="loginWithInvlidCred(java.lang.String,java.lang.String)[pri:0, instance:testNG.DataProvider1@435871cb]" started-at="2024-10-04T19:01:17 IST" name="loginWithInvlidCred" data-provider="userData" finished-at="2024-10-04T19:01:28 IST" duration-ms="10751" status="PASS">
          <params>
            <param index="0">
              <value>
                <![CDATA[user1]]>
              </value>
            </param>
            <param index="1">
              <value>
                <![CDATA[pass1]]>
              </value>
            </param>
          </params>
          <reporter-output>
          </reporter-output>
        </test-method> <!-- loginWithInvlidCred -->
        <test-method signature="loginWithInvlidCred(java.lang.String,java.lang.String)[pri:0, instance:testNG.DataProvider1@435871cb]" started-at="2024-10-04T19:01:28 IST" name="loginWithInvlidCred" data-provider="userData" finished-at="2024-10-04T19:01:37 IST" duration-ms="8804" status="PASS">
          <params>
            <param index="0">
              <value>
                <![CDATA[user2]]>
              </value>
            </param>
            <param index="1">
              <value>
                <![CDATA[pass2]]>
              </value>
            </param>
          </params>
          <reporter-output>
          </reporter-output>
        </test-method> <!-- loginWithInvlidCred -->
        <test-method signature="loginWithInvlidCred(java.lang.String,java.lang.String)[pri:0, instance:testNG.DataProvider1@435871cb]" started-at="2024-10-04T19:01:37 IST" name="loginWithInvlidCred" data-provider="userData" finished-at="2024-10-04T19:02:05 IST" duration-ms="27554" status="PASS">
          <params>
            <param index="0">
              <value>
                <![CDATA[user3]]>
              </value>
            </param>
            <param index="1">
              <value>
                <![CDATA[pass3]]>
              </value>
            </param>
          </params>
          <reporter-output>
          </reporter-output>
        </test-method> <!-- loginWithInvlidCred -->
      </class> <!-- testNG.DataProvider1 -->
    </test> <!-- Default test -->
  </suite> <!-- Default suite -->
</testng-results>
