<?xml version="1.0" encoding="UTF-8"?>
<testng-results ignored="0" total="1" passed="1" failed="0" skipped="0">
  <reporter-output>
  </reporter-output>
  <suite started-at="2024-10-08T18:41:00 IST" name="Default suite" finished-at="2024-10-08T18:41:07 IST" duration-ms="7157">
    <groups>
    </groups>
    <test started-at="2024-10-08T18:41:00 IST" name="Default test" finished-at="2024-10-08T18:41:07 IST" duration-ms="7157">
      <class name="nopcommerceTest.CurrenetOpeningTest">
        <test-method is-config="true" signature="basicSetup()[pri:0, instance:nopcommerceTest.CurrenetOpeningTest@6b9ce1bf]" started-at="2024-10-08T18:41:00 IST" name="basicSetup" finished-at="2024-10-08T18:41:06 IST" duration-ms="6193" status="PASS">
          <reporter-output>
          </reporter-output>
        </test-method> <!-- basicSetup -->
        <test-method signature="test1()[pri:0, instance:nopcommerceTest.CurrenetOpeningTest@6b9ce1bf]" started-at="2024-10-08T18:41:07 IST" name="test1" finished-at="2024-10-08T18:41:07 IST" duration-ms="547" status="PASS">
          <reporter-output>
          </reporter-output>
        </test-method> <!-- test1 -->
      </class> <!-- nopcommerceTest.CurrenetOpeningTest -->
    </test> <!-- Default test -->
  </suite> <!-- Default suite -->
</testng-results>
