<?xml version="1.0" encoding="UTF-8"?>
<!-- Generated by org.testng.reporters.JUnitXMLReporter -->
<testsuite ignored="3" hostname="DESKTOP-7S7LCUO" failures="0" tests="1" name="GRP-smoke" time="0.395" errors="0" timestamp="2024-10-04T18:41:16 IST">
  <testcase classname="testNG.TestNg4" name="loginTest" time="0.115"/>
  <testcase classname="testNG.TestNg4" name="loginTest2" time="0.0">
    <ignored/>
  </testcase> <!-- loginTest2 -->
  <testcase classname="testNG.TestNg4" name="loginTest3" time="0.0">
    <ignored/>
  </testcase> <!-- loginTest3 -->
  <testcase classname="testNG.TestNg4" name="loginTest4" time="0.0">
    <ignored/>
  </testcase> <!-- loginTest4 -->
</testsuite> <!-- GRP-smoke -->
