<?xml version="1.0" encoding="UTF-8"?>
<!-- Generated by org.testng.reporters.JUnitXMLReporter -->
<testsuite ignored="2" hostname="DESKTOP-7S7LCUO" failures="0" tests="2" name="GRP-regression" time="0.529" errors="0" timestamp="2024-10-04T18:42:02 IST">
  <testcase classname="testNG.TestNg4" name="loginTest2" time="0.145"/>
  <testcase classname="testNG.TestNg4" name="loginTest4" time="0.011"/>
  <testcase classname="testNG.TestNg4" name="loginTest" time="0.0">
    <ignored/>
  </testcase> <!-- loginTest -->
  <testcase classname="testNG.TestNg4" name="loginTest3" time="0.0">
    <ignored/>
  </testcase> <!-- loginTest3 -->
</testsuite> <!-- GRP-regression -->
